# JRE version: OpenJDK Runtime Environment Temurin-21.0.3+9 (21.0.3+9) (build 21.0.3+9-LTS)
# Java VM: OpenJDK 64-Bit Server VM Temurin-21.0.3+9 (21.0.3+9-LTS, mixed mode, emulated-client, tiered, compressed oops, compressed class ptrs, g1 gc, windows-amd64)
GC Precious Log:
 CardTable entry size: 512
 Card Set container configuration: InlinePtr #cards 5 size 8 Array Of Cards #cards 12 size 40 Howl #buckets 4 coarsen threshold 1843 Howl Bitmap #cards 512 size 80 coarsen threshold 460 Card regions per heap region 1 cards per card region 2048
 CPUs: 4 total, 4 available
 Memory: 8104M
 Large Page Support: Disabled
 NUMA Support: Disabled
 Compressed Oops: Enabled (32-bit)
 Heap Region Size: 1M
 Heap Min Capacity: 8M
 Heap Initial Capacity: 128M
 Heap Max Capacity: 2028M
 Pre-touch: Disabled
 Parallel Workers: 4
 Concurrent Workers: 1
 Concurrent Refinement Workers: 4
 Periodic GC: Disabled
Heap:
 garbage-first heap   total 182272K, used 137187K [0x0000000081400000, 0x0000000100000000)
  region size 1024K, 76 young (77824K), 6 survivors (6144K)
 Metaspace       used 106946K, committed 108032K, reserved 1179648K
  class space    used 14721K, committed 15232K, reserved 1048576K
GC Heap History (20 events):
Event: 8.851 GC heap before
{Heap before GC invocations=22 (full 0):
 garbage-first heap   total 125952K, used 112772K [0x0000000081400000, 0x0000000100000000)
  region size 1024K, 71 young (72704K), 5 survivors (5120K)
 Metaspace       used 74243K, committed 74944K, reserved 1114112K
  class space    used 9714K, committed 10048K, reserved 1048576K
}
Event: 8.856 GC heap after
{Heap after GC invocations=23 (full 0):
 garbage-first heap   total 125952K, used 46274K [0x0000000081400000, 0x0000000100000000)
  region size 1024K, 6 young (6144K), 6 survivors (6144K)
 Metaspace       used 74243K, committed 74944K, reserved 1114112K
  class space    used 9714K, committed 10048K, reserved 1048576K
}
Event: 9.313 GC heap before
{Heap before GC invocations=23 (full 0):
 garbage-first heap   total 125952K, used 110786K [0x0000000081400000, 0x0000000100000000)
  region size 1024K, 70 young (71680K), 6 survivors (6144K)
 Metaspace       used 81194K, committed 81920K, reserved 1179648K
  class space    used 10689K, committed 11008K, reserved 1048576K
}
Event: 9.318 GC heap after
{Heap after GC invocations=24 (full 0):
 garbage-first heap   total 125952K, used 47292K [0x0000000081400000, 0x0000000100000000)
  region size 1024K, 5 young (5120K), 5 survivors (5120K)
 Metaspace       used 81194K, committed 81920K, reserved 1179648K
  class space    used 10689K, committed 11008K, reserved 1048576K
}
Event: 9.794 GC heap before
{Heap before GC invocations=24 (full 0):
 garbage-first heap   total 125952K, used 112828K [0x0000000081400000, 0x0000000100000000)
  region size 1024K, 69 young (70656K), 5 survivors (5120K)
 Metaspace       used 86921K, committed 87680K, reserved 1179648K
  class space    used 11609K, committed 11968K, reserved 1048576K
}
Event: 9.802 GC heap after
{Heap after GC invocations=25 (full 0):
 garbage-first heap   total 151552K, used 48572K [0x0000000081400000, 0x0000000100000000)
  region size 1024K, 7 young (7168K), 7 survivors (7168K)
 Metaspace       used 86921K, committed 87680K, reserved 1179648K
  class space    used 11609K, committed 11968K, reserved 1048576K
}
Event: 10.461 GC heap before
{Heap before GC invocations=26 (full 0):
 garbage-first heap   total 151552K, used 131516K [0x0000000081400000, 0x0000000100000000)
  region size 1024K, 88 young (90112K), 7 survivors (7168K)
 Metaspace       used 90863K, committed 91648K, reserved 1179648K
  class space    used 12202K, committed 12544K, reserved 1048576K
}
Event: 10.471 GC heap after
{Heap after GC invocations=27 (full 0):
 garbage-first heap   total 151552K, used 53018K [0x0000000081400000, 0x0000000100000000)
  region size 1024K, 9 young (9216K), 9 survivors (9216K)
 Metaspace       used 90863K, committed 91648K, reserved 1179648K
  class space    used 12202K, committed 12544K, reserved 1048576K
}
Event: 11.036 GC heap before
{Heap before GC invocations=27 (full 0):
 garbage-first heap   total 151552K, used 131866K [0x0000000081400000, 0x0000000100000000)
  region size 1024K, 87 young (89088K), 9 survivors (9216K)
 Metaspace       used 93856K, committed 94656K, reserved 1179648K
  class space    used 12660K, committed 13056K, reserved 1048576K
}
Event: 11.047 GC heap after
{Heap after GC invocations=28 (full 0):
 garbage-first heap   total 151552K, used 56316K [0x0000000081400000, 0x0000000100000000)
  region size 1024K, 10 young (10240K), 10 survivors (10240K)
 Metaspace       used 93856K, committed 94656K, reserved 1179648K
  class space    used 12660K, committed 13056K, reserved 1048576K
}
Event: 11.634 GC heap before
{Heap before GC invocations=28 (full 0):
 garbage-first heap   total 151552K, used 133116K [0x0000000081400000, 0x0000000100000000)
  region size 1024K, 85 young (87040K), 10 survivors (10240K)
 Metaspace       used 95267K, committed 96128K, reserved 1179648K
  class space    used 12918K, committed 13312K, reserved 1048576K
}
Event: 11.646 GC heap after
{Heap after GC invocations=29 (full 0):
 garbage-first heap   total 151552K, used 60346K [0x0000000081400000, 0x0000000100000000)
  region size 1024K, 9 young (9216K), 9 survivors (9216K)
 Metaspace       used 95267K, committed 96128K, reserved 1179648K
  class space    used 12918K, committed 13312K, reserved 1048576K
}
Event: 12.261 GC heap before
{Heap before GC invocations=30 (full 0):
 garbage-first heap   total 151552K, used 133050K [0x0000000081400000, 0x0000000100000000)
  region size 1024K, 80 young (81920K), 9 survivors (9216K)
 Metaspace       used 97653K, committed 98560K, reserved 1179648K
  class space    used 13288K, committed 13696K, reserved 1048576K
}
Event: 12.271 GC heap after
{Heap after GC invocations=31 (full 0):
 garbage-first heap   total 151552K, used 63652K [0x0000000081400000, 0x0000000100000000)
  region size 1024K, 8 young (8192K), 8 survivors (8192K)
 Metaspace       used 97653K, committed 98560K, reserved 1179648K
  class space    used 13288K, committed 13696K, reserved 1048576K
}
Event: 12.870 GC heap before
{Heap before GC invocations=31 (full 0):
 garbage-first heap   total 151552K, used 134308K [0x0000000081400000, 0x0000000100000000)
  region size 1024K, 77 young (78848K), 8 survivors (8192K)
 Metaspace       used 101485K, committed 102464K, reserved 1179648K
  class space    used 13877K, committed 14336K, reserved 1048576K
}
Event: 12.882 GC heap after
{Heap after GC invocations=32 (full 0):
 garbage-first heap   total 151552K, used 65065K [0x0000000081400000, 0x0000000100000000)
  region size 1024K, 7 young (7168K), 7 survivors (7168K)
 Metaspace       used 101485K, committed 102464K, reserved 1179648K
  class space    used 13877K, committed 14336K, reserved 1048576K
}
Event: 13.489 GC heap before
{Heap before GC invocations=32 (full 0):
 garbage-first heap   total 151552K, used 134697K [0x0000000081400000, 0x0000000100000000)
  region size 1024K, 75 young (76800K), 7 survivors (7168K)
 Metaspace       used 104839K, committed 105920K, reserved 1179648K
  class space    used 14385K, committed 14848K, reserved 1048576K
}
Event: 13.499 GC heap after
{Heap after GC invocations=33 (full 0):
 garbage-first heap   total 182272K, used 67555K [0x0000000081400000, 0x0000000100000000)
  region size 1024K, 6 young (6144K), 6 survivors (6144K)
 Metaspace       used 104839K, committed 105920K, reserved 1179648K
  class space    used 14385K, committed 14848K, reserved 1048576K
}
Event: 1039.795 GC heap before
{Heap before GC invocations=34 (full 0):
 garbage-first heap   total 182272K, used 164835K [0x0000000081400000, 0x0000000100000000)
  region size 1024K, 102 young (104448K), 6 survivors (6144K)
 Metaspace       used 105431K, committed 106560K, reserved 1179648K
  class space    used 14518K, committed 15040K, reserved 1048576K
}
Event: 1039.803 GC heap after
{Heap after GC invocations=35 (full 0):
 garbage-first heap   total 182272K, used 67555K [0x0000000081400000, 0x0000000100000000)
  region size 1024K, 6 young (6144K), 6 survivors (6144K)
 Metaspace       used 105431K, committed 106560K, reserved 1179648K
  class space    used 14518K, committed 15040K, reserved 1048576K
}

