# JRE version: OpenJDK Runtime Environment Temurin-21.0.3+9 (21.0.3+9) (build 21.0.3+9-LTS)
# Java VM: OpenJDK 64-Bit Server VM Temurin-21.0.3+9 (21.0.3+9-LTS, mixed mode, emulated-client, tiered, compressed oops, compressed class ptrs, g1 gc, windows-amd64)
GC Precious Log:
 CardTable entry size: 512
 Card Set container configuration: InlinePtr #cards 5 size 8 Array Of Cards #cards 12 size 40 Howl #buckets 4 coarsen threshold 1843 Howl Bitmap #cards 512 size 80 coarsen threshold 460 Card regions per heap region 1 cards per card region 2048
 CPUs: 4 total, 4 available
 Memory: 8104M
 Large Page Support: Disabled
 NUMA Support: Disabled
 Compressed Oops: Enabled (32-bit)
 Heap Region Size: 1M
 Heap Min Capacity: 8M
 Heap Initial Capacity: 128M
 Heap Max Capacity: 2028M
 Pre-touch: Disabled
 Parallel Workers: 4
 Concurrent Workers: 1
 Concurrent Refinement Workers: 4
 Periodic GC: Disabled
Heap:
 garbage-first heap   total 174080K, used 109476K [0x0000000081400000, 0x0000000100000000)
  region size 1024K, 45 young (46080K), 6 survivors (6144K)
 Metaspace       used 106348K, committed 108096K, reserved 1179648K
  class space    used 14536K, committed 15232K, reserved 1048576K
GC Heap History (20 events):
Event: 10.459 GC heap before
{Heap before GC invocations=27 (full 0):
 garbage-first heap   total 119808K, used 106925K [0x0000000081400000, 0x0000000100000000)
  region size 1024K, 63 young (64512K), 4 survivors (4096K)
 Metaspace       used 89605K, committed 90432K, reserved 1179648K
  class space    used 11994K, committed 12352K, reserved 1048576K
}
Event: 10.465 GC heap after
{Heap after GC invocations=28 (full 0):
 garbage-first heap   total 119808K, used 48638K [0x0000000081400000, 0x0000000100000000)
  region size 1024K, 6 young (6144K), 6 survivors (6144K)
 Metaspace       used 89605K, committed 90432K, reserved 1179648K
  class space    used 11994K, committed 12352K, reserved 1048576K
}
Event: 10.925 GC heap before
{Heap before GC invocations=28 (full 0):
 garbage-first heap   total 119808K, used 104958K [0x0000000081400000, 0x0000000100000000)
  region size 1024K, 61 young (62464K), 6 survivors (6144K)
 Metaspace       used 91307K, committed 92096K, reserved 1179648K
  class space    used 12262K, committed 12608K, reserved 1048576K
}
Event: 10.935 GC heap after
{Heap after GC invocations=29 (full 0):
 garbage-first heap   total 144384K, used 52388K [0x0000000081400000, 0x0000000100000000)
  region size 1024K, 7 young (7168K), 7 survivors (7168K)
 Metaspace       used 91307K, committed 92096K, reserved 1179648K
  class space    used 12262K, committed 12608K, reserved 1048576K
}
Event: 11.512 GC heap before
{Heap before GC invocations=29 (full 0):
 garbage-first heap   total 144384K, used 128164K [0x0000000081400000, 0x0000000100000000)
  region size 1024K, 81 young (82944K), 7 survivors (7168K)
 Metaspace       used 94079K, committed 94912K, reserved 1179648K
  class space    used 12697K, committed 13056K, reserved 1048576K
}
Event: 11.523 GC heap after
{Heap after GC invocations=30 (full 0):
 garbage-first heap   total 144384K, used 56544K [0x0000000081400000, 0x0000000100000000)
  region size 1024K, 8 young (8192K), 8 survivors (8192K)
 Metaspace       used 94079K, committed 94912K, reserved 1179648K
  class space    used 12697K, committed 13056K, reserved 1048576K
}
Event: 12.084 GC heap before
{Heap before GC invocations=30 (full 0):
 garbage-first heap   total 144384K, used 127200K [0x0000000081400000, 0x0000000100000000)
  region size 1024K, 77 young (78848K), 8 survivors (8192K)
 Metaspace       used 95520K, committed 96320K, reserved 1179648K
  class space    used 12948K, committed 13312K, reserved 1048576K
}
Event: 12.094 GC heap after
{Heap after GC invocations=31 (full 0):
 garbage-first heap   total 144384K, used 59475K [0x0000000081400000, 0x0000000100000000)
  region size 1024K, 8 young (8192K), 8 survivors (8192K)
 Metaspace       used 95520K, committed 96320K, reserved 1179648K
  class space    used 12948K, committed 13312K, reserved 1048576K
}
Event: 12.660 GC heap before
{Heap before GC invocations=31 (full 0):
 garbage-first heap   total 144384K, used 127059K [0x0000000081400000, 0x0000000100000000)
  region size 1024K, 74 young (75776K), 8 survivors (8192K)
 Metaspace       used 97738K, committed 98624K, reserved 1179648K
  class space    used 13281K, committed 13696K, reserved 1048576K
}
Event: 12.672 GC heap after
{Heap after GC invocations=32 (full 0):
 garbage-first heap   total 144384K, used 62988K [0x0000000081400000, 0x0000000100000000)
  region size 1024K, 7 young (7168K), 7 survivors (7168K)
 Metaspace       used 97738K, committed 98624K, reserved 1179648K
  class space    used 13281K, committed 13696K, reserved 1048576K
}
Event: 13.254 GC heap before
{Heap before GC invocations=33 (full 0):
 garbage-first heap   total 144384K, used 128524K [0x0000000081400000, 0x0000000100000000)
  region size 1024K, 71 young (72704K), 7 survivors (7168K)
 Metaspace       used 101172K, committed 102080K, reserved 1179648K
  class space    used 13820K, committed 14208K, reserved 1048576K
}
Event: 13.263 GC heap after
{Heap after GC invocations=34 (full 0):
 garbage-first heap   total 144384K, used 65374K [0x0000000081400000, 0x0000000100000000)
  region size 1024K, 7 young (7168K), 7 survivors (7168K)
 Metaspace       used 101172K, committed 102080K, reserved 1179648K
  class space    used 13820K, committed 14208K, reserved 1048576K
}
Event: 13.857 GC heap before
{Heap before GC invocations=34 (full 0):
 garbage-first heap   total 144384K, used 126814K [0x0000000081400000, 0x0000000100000000)
  region size 1024K, 68 young (69632K), 7 survivors (7168K)
 Metaspace       used 104167K, committed 105152K, reserved 1179648K
  class space    used 14263K, committed 14720K, reserved 1048576K
}
Event: 13.870 GC heap after
{Heap after GC invocations=35 (full 0):
 garbage-first heap   total 174080K, used 67226K [0x0000000081400000, 0x0000000100000000)
  region size 1024K, 6 young (6144K), 6 survivors (6144K)
 Metaspace       used 104167K, committed 105152K, reserved 1179648K
  class space    used 14263K, committed 14720K, reserved 1048576K
}
Event: 574.581 GC heap before
{Heap before GC invocations=35 (full 0):
 garbage-first heap   total 174080K, used 157338K [0x0000000081400000, 0x0000000100000000)
  region size 1024K, 95 young (97280K), 6 survivors (6144K)
 Metaspace       used 106891K, committed 108032K, reserved 1179648K
  class space    used 14680K, committed 15232K, reserved 1048576K
}
Event: 574.616 GC heap after
{Heap after GC invocations=36 (full 0):
 garbage-first heap   total 174080K, used 69418K [0x0000000081400000, 0x0000000100000000)
  region size 1024K, 8 young (8192K), 8 survivors (8192K)
 Metaspace       used 106891K, committed 108032K, reserved 1179648K
  class space    used 14680K, committed 15232K, reserved 1048576K
}
Event: 1802.655 GC heap before
{Heap before GC invocations=36 (full 0):
 garbage-first heap   total 174080K, used 156458K [0x0000000081400000, 0x0000000100000000)
  region size 1024K, 93 young (95232K), 8 survivors (8192K)
 Metaspace       used 106920K, committed 108096K, reserved 1179648K
  class space    used 14686K, committed 15232K, reserved 1048576K
}
Event: 1802.685 GC heap after
{Heap after GC invocations=37 (full 0):
 garbage-first heap   total 174080K, used 71314K [0x0000000081400000, 0x0000000100000000)
  region size 1024K, 7 young (7168K), 7 survivors (7168K)
 Metaspace       used 106920K, committed 108096K, reserved 1179648K
  class space    used 14686K, committed 15232K, reserved 1048576K
}
Event: 1802.714 GC heap before
{Heap before GC invocations=37 (full 0):
 garbage-first heap   total 174080K, used 71314K [0x0000000081400000, 0x0000000100000000)
  region size 1024K, 8 young (8192K), 7 survivors (7168K)
 Metaspace       used 106924K, committed 108096K, reserved 1179648K
  class space    used 14687K, committed 15232K, reserved 1048576K
}
Event: 1802.723 GC heap after
{Heap after GC invocations=38 (full 0):
 garbage-first heap   total 174080K, used 70564K [0x0000000081400000, 0x0000000100000000)
  region size 1024K, 6 young (6144K), 6 survivors (6144K)
 Metaspace       used 106924K, committed 108096K, reserved 1179648K
  class space    used 14687K, committed 15232K, reserved 1048576K
}

