# JRE version: OpenJDK Runtime Environment Temurin-21.0.3+9 (21.0.3+9) (build 21.0.3+9-LTS)
# Java VM: OpenJDK 64-Bit Server VM Temurin-21.0.3+9 (21.0.3+9-LTS, mixed mode, emulated-client, tiered, compressed oops, compressed class ptrs, g1 gc, windows-amd64)
GC Precious Log:
 CardTable entry size: 512
 Card Set container configuration: InlinePtr #cards 5 size 8 Array Of Cards #cards 12 size 40 Howl #buckets 4 coarsen threshold 1843 Howl Bitmap #cards 512 size 80 coarsen threshold 460 Card regions per heap region 1 cards per card region 2048
 CPUs: 4 total, 4 available
 Memory: 8104M
 Large Page Support: Disabled
 NUMA Support: Disabled
 Compressed Oops: Enabled (32-bit)
 Heap Region Size: 1M
 Heap Min Capacity: 8M
 Heap Initial Capacity: 128M
 Heap Max Capacity: 2028M
 Pre-touch: Disabled
 Parallel Workers: 4
 Concurrent Workers: 1
 Concurrent Refinement Workers: 4
 Periodic GC: Disabled
Heap:
 garbage-first heap   total 208896K, used 99664K [0x0000000081400000, 0x0000000100000000)
  region size 1024K, 41 young (41984K), 8 survivors (8192K)
 Metaspace       used 112504K, committed 113408K, reserved 1179648K
  class space    used 15543K, committed 16000K, reserved 1048576K
GC Heap History (20 events):
Event: 14.398 GC heap before
{Heap before GC invocations=37 (full 0):
 garbage-first heap   total 174080K, used 158448K [0x0000000081400000, 0x0000000100000000)
  region size 1024K, 95 young (97280K), 6 survivors (6144K)
 Metaspace       used 97446K, committed 98368K, reserved 1179648K
  class space    used 13263K, committed 13696K, reserved 1048576K
}
Event: 14.407 GC heap after
{Heap after GC invocations=38 (full 0):
 garbage-first heap   total 174080K, used 70105K [0x0000000081400000, 0x0000000100000000)
  region size 1024K, 9 young (9216K), 9 survivors (9216K)
 Metaspace       used 97446K, committed 98368K, reserved 1179648K
  class space    used 13263K, committed 13696K, reserved 1048576K
}
Event: 14.991 GC heap before
{Heap before GC invocations=38 (full 0):
 garbage-first heap   total 174080K, used 155097K [0x0000000081400000, 0x0000000100000000)
  region size 1024K, 92 young (94208K), 9 survivors (9216K)
 Metaspace       used 98833K, committed 99840K, reserved 1179648K
  class space    used 13471K, committed 13952K, reserved 1048576K
}
Event: 15.002 GC heap after
{Heap after GC invocations=39 (full 0):
 garbage-first heap   total 174080K, used 72420K [0x0000000081400000, 0x0000000100000000)
  region size 1024K, 9 young (9216K), 9 survivors (9216K)
 Metaspace       used 98833K, committed 99840K, reserved 1179648K
  class space    used 13471K, committed 13952K, reserved 1048576K
}
Event: 15.384 GC heap before
{Heap before GC invocations=39 (full 0):
 garbage-first heap   total 174080K, used 129764K [0x0000000081400000, 0x0000000100000000)
  region size 1024K, 66 young (67584K), 9 survivors (9216K)
 Metaspace       used 99951K, committed 100928K, reserved 1179648K
  class space    used 13641K, committed 14080K, reserved 1048576K
}
Event: 15.394 GC heap after
{Heap after GC invocations=40 (full 0):
 garbage-first heap   total 174080K, used 74511K [0x0000000081400000, 0x0000000100000000)
  region size 1024K, 8 young (8192K), 8 survivors (8192K)
 Metaspace       used 99951K, committed 100928K, reserved 1179648K
  class space    used 13641K, committed 14080K, reserved 1048576K
}
Event: 15.996 GC heap before
{Heap before GC invocations=41 (full 0):
 garbage-first heap   total 174080K, used 156431K [0x0000000081400000, 0x0000000100000000)
  region size 1024K, 87 young (89088K), 8 survivors (8192K)
 Metaspace       used 100684K, committed 101696K, reserved 1179648K
  class space    used 13754K, committed 14208K, reserved 1048576K
}
Event: 16.008 GC heap after
{Heap after GC invocations=42 (full 0):
 garbage-first heap   total 174080K, used 78976K [0x0000000081400000, 0x0000000100000000)
  region size 1024K, 8 young (8192K), 8 survivors (8192K)
 Metaspace       used 100684K, committed 101696K, reserved 1179648K
  class space    used 13754K, committed 14208K, reserved 1048576K
}
Event: 16.649 GC heap before
{Heap before GC invocations=42 (full 0):
 garbage-first heap   total 174080K, used 155776K [0x0000000081400000, 0x0000000100000000)
  region size 1024K, 83 young (84992K), 8 survivors (8192K)
 Metaspace       used 105162K, committed 106240K, reserved 1179648K
  class space    used 14436K, committed 14912K, reserved 1048576K
}
Event: 16.661 GC heap after
{Heap after GC invocations=43 (full 0):
 garbage-first heap   total 208896K, used 77306K [0x0000000081400000, 0x0000000100000000)
  region size 1024K, 7 young (7168K), 7 survivors (7168K)
 Metaspace       used 105162K, committed 106240K, reserved 1179648K
  class space    used 14436K, committed 14912K, reserved 1048576K
}
Event: 116.509 GC heap before
{Heap before GC invocations=43 (full 0):
 garbage-first heap   total 208896K, used 185850K [0x0000000081400000, 0x0000000100000000)
  region size 1024K, 114 young (116736K), 7 survivors (7168K)
 Metaspace       used 109074K, committed 110208K, reserved 1179648K
  class space    used 15030K, committed 15552K, reserved 1048576K
}
Event: 116.541 GC heap after
{Heap after GC invocations=44 (full 0):
 garbage-first heap   total 208896K, used 80480K [0x0000000081400000, 0x0000000100000000)
  region size 1024K, 10 young (10240K), 10 survivors (10240K)
 Metaspace       used 109074K, committed 110208K, reserved 1179648K
  class space    used 15030K, committed 15552K, reserved 1048576K
}
Event: 1392.742 GC heap before
{Heap before GC invocations=44 (full 0):
 garbage-first heap   total 208896K, used 186976K [0x0000000081400000, 0x0000000100000000)
  region size 1024K, 114 young (116736K), 10 survivors (10240K)
 Metaspace       used 109417K, committed 110592K, reserved 1179648K
  class space    used 15093K, committed 15616K, reserved 1048576K
}
Event: 1392.782 GC heap after
{Heap after GC invocations=45 (full 0):
 garbage-first heap   total 208896K, used 81214K [0x0000000081400000, 0x0000000100000000)
  region size 1024K, 7 young (7168K), 7 survivors (7168K)
 Metaspace       used 109417K, committed 110592K, reserved 1179648K
  class space    used 15093K, committed 15616K, reserved 1048576K
}
Event: 1458.087 GC heap before
{Heap before GC invocations=45 (full 0):
 garbage-first heap   total 208896K, used 86334K [0x0000000081400000, 0x0000000100000000)
  region size 1024K, 13 young (13312K), 7 survivors (7168K)
 Metaspace       used 109417K, committed 110592K, reserved 1179648K
  class space    used 15093K, committed 15616K, reserved 1048576K
}
Event: 1458.101 GC heap after
{Heap after GC invocations=46 (full 0):
 garbage-first heap   total 208896K, used 80365K [0x0000000081400000, 0x0000000100000000)
  region size 1024K, 6 young (6144K), 6 survivors (6144K)
 Metaspace       used 109417K, committed 110592K, reserved 1179648K
  class space    used 15093K, committed 15616K, reserved 1048576K
}
Event: 2578.682 GC heap before
{Heap before GC invocations=47 (full 0):
 garbage-first heap   total 208896K, used 189933K [0x0000000081400000, 0x0000000100000000)
  region size 1024K, 114 young (116736K), 6 survivors (6144K)
 Metaspace       used 111145K, committed 112256K, reserved 1179648K
  class space    used 15291K, committed 15936K, reserved 1048576K
}
Event: 2578.693 GC heap after
{Heap after GC invocations=48 (full 0):
 garbage-first heap   total 208896K, used 81216K [0x0000000081400000, 0x0000000100000000)
  region size 1024K, 7 young (7168K), 7 survivors (7168K)
 Metaspace       used 111145K, committed 112256K, reserved 1179648K
  class space    used 15291K, committed 15936K, reserved 1048576K
}
Event: 3912.685 GC heap before
{Heap before GC invocations=48 (full 0):
 garbage-first heap   total 208896K, used 188736K [0x0000000081400000, 0x0000000100000000)
  region size 1024K, 113 young (115712K), 7 survivors (7168K)
 Metaspace       used 112488K, committed 113408K, reserved 1179648K
  class space    used 15541K, committed 16000K, reserved 1048576K
}
Event: 3912.725 GC heap after
{Heap after GC invocations=49 (full 0):
 garbage-first heap   total 208896K, used 66896K [0x0000000081400000, 0x0000000100000000)
  region size 1024K, 8 young (8192K), 8 survivors (8192K)
 Metaspace       used 112488K, committed 113408K, reserved 1179648K
  class space    used 15541K, committed 16000K, reserved 1048576K
}

